<?xml version="1.0" encoding="utf-8"?>
<test-run id="2" testcasecount="1" result="Passed" total="1" passed="1" failed="0" inconclusive="0" skipped="0" asserts="0" engine-version="3.5.0.0" clr-version="4.0.30319.42000" start-time="2026-09-07 01:59:00Z" end-time="2026-09-07 01:59:18Z" duration="17.2653096">
  <test-suite type="TestSuite" id="1030" name="Ring Rush" fullname="Ring Rush" runstate="Runnable" testcasecount="19" result="Passed" start-time="2026-09-07 01:59:00Z" end-time="2026-09-07 01:59:18Z" duration="17.265310" total="1" passed="1" failed="0" inconclusive="0" skipped="0" asserts="0">
    <properties>
      <property name="platform" value="PlayMode" />
    </properties>
    <test-suite type="Assembly" id="1025" name="Roloc.PlayMode.Tests.dll" fullname="/private/var/folders/zy/k_xfxj4n1pq45frjc5dgj48m0000gn/T/ring-rush-store-fc889y4b/Library/ScriptAssemblies/Roloc.PlayMode.Tests.dll" runstate="Runnable" testcasecount="19" result="Passed" start-time="2026-09-07 01:59:00Z" end-time="2026-09-07 01:59:18Z" duration="17.258805" total="1" passed="1" failed="0" inconclusive="0" skipped="0" asserts="0">
      <properties>
        <property name="_PID" value="42122" />
        <property name="_APPDOMAIN" value="Unity Child Domain" />
        <property name="platform" value="PlayMode" />
        <property name="EditorOnly" value="False" />
      </properties>
      <test-suite type="TestSuite" id="1026" name="Roloc" fullname="Roloc" runstate="Runnable" testcasecount="19" result="Passed" start-time="2026-09-07 01:59:00Z" end-time="2026-09-07 01:59:18Z" duration="17.257732" total="1" passed="1" failed="0" inconclusive="0" skipped="0" asserts="0">
        <properties />
        <test-suite type="TestSuite" id="1027" name="Tests" fullname="Roloc.Tests" runstate="Runnable" testcasecount="19" result="Passed" start-time="2026-09-07 01:59:00Z" end-time="2026-09-07 01:59:18Z" duration="17.257145" total="1" passed="1" failed="0" inconclusive="0" skipped="0" asserts="0">
          <properties />
          <test-suite type="TestFixture" id="1023" name="StoreCaptureTests" fullname="Roloc.Tests.StoreCaptureTests" classname="Roloc.Tests.StoreCaptureTests" runstate="Runnable" testcasecount="1" result="Passed" start-time="2026-09-07 01:59:00Z" end-time="2026-09-07 01:59:18Z" duration="17.255939" total="1" passed="1" failed="0" inconclusive="0" skipped="0" asserts="0">
            <properties />
            <test-case id="1024" name="CaptureStoreAssets" fullname="Roloc.Tests.StoreCaptureTests.CaptureStoreAssets" methodname="CaptureStoreAssets" classname="Roloc.Tests.StoreCaptureTests" runstate="Runnable" seed="364263559" result="Passed" start-time="2026-09-07 01:59:00Z" end-time="2026-09-07 01:59:18Z" duration="17.247414" asserts="0">
              <properties>
                <property name="_JOINTYPE" value="UnityCombinatorial" />
                <property name="retryIteration" value="0" />
                <property name="repeatIteration" value="0" />
              </properties>
              <output><![CDATA[Saving results to: /Users/david/Documents/code/roloc/marketing/app-store/source/capture-results.xml
]]></output>
            </test-case>
          </test-suite>
        </test-suite>
      </test-suite>
    </test-suite>
  </test-suite>
</test-run>