<?xml version="1.0" encoding="utf-8"?>
<test-run id="2" testcasecount="1" result="Passed" total="1" passed="1" failed="0" inconclusive="0" skipped="0" asserts="0" engine-version="3.5.0.0" clr-version="4.0.30319.42000" start-time="2026-09-07 12:58:54Z" end-time="2026-09-07 12:58:57Z" duration="2.2244122">
  <test-suite type="TestSuite" id="1041" name="Ring Rush" fullname="Ring Rush" runstate="Runnable" testcasecount="28" result="Passed" start-time="2026-09-07 12:58:54Z" end-time="2026-09-07 12:58:57Z" duration="2.224412" total="1" passed="1" failed="0" inconclusive="0" skipped="0" asserts="0">
    <properties>
      <property name="platform" value="PlayMode" />
    </properties>
    <test-suite type="Assembly" id="1036" name="Roloc.PlayMode.Tests.dll" fullname="/private/tmp/rr-store-build8/Library/ScriptAssemblies/Roloc.PlayMode.Tests.dll" runstate="Runnable" testcasecount="28" result="Passed" start-time="2026-09-07 12:58:54Z" end-time="2026-09-07 12:58:57Z" duration="2.217772" total="1" passed="1" failed="0" inconclusive="0" skipped="0" asserts="0">
      <properties>
        <property name="_PID" value="33121" />
        <property name="_APPDOMAIN" value="Unity Child Domain" />
        <property name="platform" value="PlayMode" />
        <property name="EditorOnly" value="False" />
      </properties>
      <test-suite type="TestSuite" id="1037" name="Roloc" fullname="Roloc" runstate="Runnable" testcasecount="28" result="Passed" start-time="2026-09-07 12:58:54Z" end-time="2026-09-07 12:58:57Z" duration="2.216830" total="1" passed="1" failed="0" inconclusive="0" skipped="0" asserts="0">
        <properties />
        <test-suite type="TestSuite" id="1038" name="Tests" fullname="Roloc.Tests" runstate="Runnable" testcasecount="28" result="Passed" start-time="2026-09-07 12:58:54Z" end-time="2026-09-07 12:58:57Z" duration="2.216262" total="1" passed="1" failed="0" inconclusive="0" skipped="0" asserts="0">
          <properties />
          <test-suite type="TestFixture" id="1028" name="StoreCaptureTests" fullname="Roloc.Tests.StoreCaptureTests" classname="Roloc.Tests.StoreCaptureTests" runstate="Runnable" testcasecount="1" result="Passed" start-time="2026-09-07 12:58:54Z" end-time="2026-09-07 12:58:57Z" duration="2.215088" total="1" passed="1" failed="0" inconclusive="0" skipped="0" asserts="0">
            <properties />
            <test-case id="1029" name="CaptureStoreAssets" fullname="Roloc.Tests.StoreCaptureTests.CaptureStoreAssets" methodname="CaptureStoreAssets" classname="Roloc.Tests.StoreCaptureTests" runstate="Runnable" seed="578518593" result="Passed" start-time="2026-09-07 12:58:54Z" end-time="2026-09-07 12:58:57Z" duration="2.207433" asserts="0">
              <properties>
                <property name="_JOINTYPE" value="UnityCombinatorial" />
                <property name="retryIteration" value="0" />
                <property name="repeatIteration" value="0" />
              </properties>
              <output><![CDATA[Saving results to: /tmp/rr-store-build8-capture.xml
]]></output>
            </test-case>
          </test-suite>
        </test-suite>
      </test-suite>
    </test-suite>
  </test-suite>
</test-run>